#
# There is insufficient memory for the Java Runtime Environment to continue.
# Native memory allocation (malloc) failed to allocate 613856 bytes. Error detail: Chunk::new
# Possible reasons:
#   The system is out of physical RAM or swap space
#   This process is running with CompressedOops enabled, and the Java Heap may be blocking the growth of the native heap
# Possible solutions:
#   Reduce memory load on the system
#   Increase physical memory or swap space
#   Check if swap backing store is full
#   Decrease Java heap size (-Xmx/-Xms)
#   Decrease number of Java threads
#   Decrease Java thread stack sizes (-Xss)
#   Set larger code cache with -XX:ReservedCodeCacheSize=
#   JVM is running with Zero Based Compressed Oops mode in which the Java heap is
#     placed in the first 32GB address space. The Java Heap base address is the
#     maximum limit for the native heap growth. Please use -XX:HeapBaseMinAddress
#     to set the Java Heap base and to place the Java Heap above 32GB virtual address.
# This output file may be truncated or incomplete.
#
#  Out of Memory Error (arena.cpp:150), pid=18544, tid=35848
#
# JRE version: OpenJDK Runtime Environment (22.0+36) (build 22+36-2370)
# Java VM: OpenJDK 64-Bit Server VM (22+36-2370, mixed mode, sharing, tiered, compressed oops, compressed class ptrs, g1 gc, windows-amd64)
# No core dump will be written. Minidumps are not enabled by default on client versions of Windows
#

---------------  S U M M A R Y ------------

Command Line: -javaagent:C:\Program Files\JetBrains\IntelliJ IDEA Community Edition 2023.3.4\lib\idea_rt.jar=61037:C:\Program Files\JetBrains\IntelliJ IDEA Community Edition 2023.3.4\bin -Dfile.encoding=UTF-8 -Dsun.stdout.encoding=UTF-8 -Dsun.stderr.encoding=UTF-8 com.rayyansoft.Task.TaskApplication

Host: 11th Gen Intel(R) Core(TM) i7-1165G7 @ 2.80GHz, 8 cores, 15G,  Windows 10 , 64 bit Build 19041 (10.0.19041.4597)
Time: Mon Aug  5 16:01:43 2024 Arab Standard Time elapsed time: 1793.238984 seconds (0d 0h 29m 53s)

---------------  T H R E A D  ---------------

Current thread (0x0000023502a55350):  JavaThread "C2 CompilerThread0" daemon [_thread_in_native, id=35848, stack(0x000000ab7f900000,0x000000ab7fa00000) (1024K)]


Current CompileTask:
C2:1793239 9908       4       sun.security.ec.ECOperations::setSum (685 bytes)

Stack: [0x000000ab7f900000,0x000000ab7fa00000]
Native frames: (J=compiled Java code, j=interpreted, Vv=VM code, C=native code)
V  [jvm.dll+0x6e2349]  (no source info available)
V  [jvm.dll+0x874ed3]  (no source info available)
V  [jvm.dll+0x8772fe]  (no source info available)
V  [jvm.dll+0x8779d3]  (no source info available)
V  [jvm.dll+0x27fcb6]  (no source info available)
V  [jvm.dll+0xc3d0f]  (no source info available)
V  [jvm.dll+0xc3f6b]  (no source info available)
V  [jvm.dll+0x2f3b6f]  (no source info available)
V  [jvm.dll+0x60bd8a]  (no source info available)
V  [jvm.dll+0x250d2f]  (no source info available)
V  [jvm.dll+0x2493b6]  (no source info available)
V  [jvm.dll+0x246eb6]  (no source info available)
V  [jvm.dll+0x1c4e90]  (no source info available)
V  [jvm.dll+0x25699e]  (no source info available)
V  [jvm.dll+0x254c5a]  (no source info available)
V  [jvm.dll+0x3f5426]  (no source info available)
V  [jvm.dll+0x81d50b]  (no source info available)
V  [jvm.dll+0x6e09e5]  (no source info available)
C  [ucrtbase.dll+0x21bb2]  (no source info available)
C  [KERNEL32.DLL+0x17374]  (no source info available)
C  [ntdll.dll+0x4cc91]  (no source info available)


---------------  P R O C E S S  ---------------

Threads class SMR info:
_java_thread_list=0x000002354a976930, length=31, elements={
0x0000023502a42ce0, 0x0000023502a43c00, 0x0000023502a4e580, 0x0000023502a510f0,
0x0000023502a51b50, 0x0000023502a545c0, 0x0000023502a55350, 0x0000023502a55e00,
0x0000023502a136e0, 0x00000235480a1e50, 0x00000235480c4880, 0x000002354b765390,
0x000002354b764d00, 0x000002354ca3ed10, 0x000002354ca3dff0, 0x000002354ca3fa30,
0x000002354ca3e680, 0x000002354ca42eb0, 0x000002354ca41b00, 0x000002354ca40750,
0x000002354ca40de0, 0x000002354ca43bd0, 0x000002354ca41470, 0x000002354ca43540,
0x000002354ca44260, 0x000002354ca448f0, 0x000002354ca42190, 0x000002354ca3d960,
0x000002354ca44f80, 0x000002354b765a20, 0x000002354b762c30
}

Java Threads: ( => current thread )
  0x0000023502a42ce0 JavaThread "Reference Handler"          daemon [_thread_blocked, id=24728, stack(0x000000ab7f300000,0x000000ab7f400000) (1024K)]
  0x0000023502a43c00 JavaThread "Finalizer"                  daemon [_thread_blocked, id=14676, stack(0x000000ab7f400000,0x000000ab7f500000) (1024K)]
  0x0000023502a4e580 JavaThread "Signal Dispatcher"          daemon [_thread_blocked, id=32296, stack(0x000000ab7f500000,0x000000ab7f600000) (1024K)]
  0x0000023502a510f0 JavaThread "Attach Listener"            daemon [_thread_blocked, id=3608, stack(0x000000ab7f600000,0x000000ab7f700000) (1024K)]
  0x0000023502a51b50 JavaThread "Service Thread"             daemon [_thread_blocked, id=36456, stack(0x000000ab7f700000,0x000000ab7f800000) (1024K)]
  0x0000023502a545c0 JavaThread "Monitor Deflation Thread"   daemon [_thread_blocked, id=35236, stack(0x000000ab7f800000,0x000000ab7f900000) (1024K)]
=>0x0000023502a55350 JavaThread "C2 CompilerThread0"         daemon [_thread_in_native, id=35848, stack(0x000000ab7f900000,0x000000ab7fa00000) (1024K)]
  0x0000023502a55e00 JavaThread "C1 CompilerThread0"         daemon [_thread_blocked, id=26464, stack(0x000000ab7fa00000,0x000000ab7fb00000) (1024K)]
  0x0000023502a136e0 JavaThread "Common-Cleaner"             daemon [_thread_blocked, id=21776, stack(0x000000ab7fb00000,0x000000ab7fc00000) (1024K)]
  0x00000235480a1e50 JavaThread "Monitor Ctrl-Break"         daemon [_thread_in_native, id=13932, stack(0x000000ab7fe00000,0x000000ab7ff00000) (1024K)]
  0x00000235480c4880 JavaThread "Notification Thread"        daemon [_thread_blocked, id=11860, stack(0x000000ab7ff00000,0x000000ab80000000) (1024K)]
  0x000002354b765390 JavaThread "mysql-cj-abandoned-connection-cleanup" daemon [_thread_blocked, id=13236, stack(0x000000ab00800000,0x000000ab00900000) (1024K)]
  0x000002354b764d00 JavaThread "HikariPool-1 housekeeper"   daemon [_thread_blocked, id=36828, stack(0x000000ab00a00000,0x000000ab00b00000) (1024K)]
  0x000002354ca3ed10 JavaThread "Catalina-utility-1"                [_thread_blocked, id=28460, stack(0x000000ab00d00000,0x000000ab00e00000) (1024K)]
  0x000002354ca3dff0 JavaThread "Catalina-utility-2"                [_thread_blocked, id=12744, stack(0x000000ab00e00000,0x000000ab00f00000) (1024K)]
  0x000002354ca3fa30 JavaThread "container-0"                       [_thread_blocked, id=1336, stack(0x000000ab00f00000,0x000000ab01000000) (1024K)]
  0x000002354ca3e680 JavaThread "http-nio-8080-exec-1"       daemon [_thread_blocked, id=17960, stack(0x000000ab01000000,0x000000ab01100000) (1024K)]
  0x000002354ca42eb0 JavaThread "http-nio-8080-exec-2"       daemon [_thread_blocked, id=29356, stack(0x000000ab01100000,0x000000ab01200000) (1024K)]
  0x000002354ca41b00 JavaThread "http-nio-8080-exec-3"       daemon [_thread_blocked, id=10184, stack(0x000000ab01200000,0x000000ab01300000) (1024K)]
  0x000002354ca40750 JavaThread "http-nio-8080-exec-4"       daemon [_thread_blocked, id=20840, stack(0x000000ab01300000,0x000000ab01400000) (1024K)]
  0x000002354ca40de0 JavaThread "http-nio-8080-exec-5"       daemon [_thread_blocked, id=12008, stack(0x000000ab01400000,0x000000ab01500000) (1024K)]
  0x000002354ca43bd0 JavaThread "http-nio-8080-exec-6"       daemon [_thread_blocked, id=7272, stack(0x000000ab01500000,0x000000ab01600000) (1024K)]
  0x000002354ca41470 JavaThread "http-nio-8080-exec-7"       daemon [_thread_blocked, id=8304, stack(0x000000ab01600000,0x000000ab01700000) (1024K)]
  0x000002354ca43540 JavaThread "http-nio-8080-exec-8"       daemon [_thread_blocked, id=28060, stack(0x000000ab01700000,0x000000ab01800000) (1024K)]
  0x000002354ca44260 JavaThread "http-nio-8080-exec-9"       daemon [_thread_blocked, id=2612, stack(0x000000ab01800000,0x000000ab01900000) (1024K)]
  0x000002354ca448f0 JavaThread "http-nio-8080-exec-10"      daemon [_thread_blocked, id=13696, stack(0x000000ab01900000,0x000000ab01a00000) (1024K)]
  0x000002354ca42190 JavaThread "http-nio-8080-Poller"       daemon [_thread_in_native, id=31240, stack(0x000000ab01a00000,0x000000ab01b00000) (1024K)]
  0x000002354ca3d960 JavaThread "http-nio-8080-Acceptor"     daemon [_thread_in_native, id=12240, stack(0x000000ab01b00000,0x000000ab01c00000) (1024K)]
  0x000002354ca44f80 JavaThread "DestroyJavaVM"                     [_thread_blocked, id=15640, stack(0x000000ab7eb00000,0x000000ab7ec00000) (1024K)]
  0x000002354b765a20 JavaThread "HikariPool-1 connection closer" daemon [_thread_blocked, id=18276, stack(0x000000ab00900000,0x000000ab00a00000) (1024K)]
  0x000002354b762c30 JavaThread "HikariPool-1 connection adder" daemon [_thread_blocked, id=27736, stack(0x000000ab00b00000,0x000000ab00c00000) (1024K)]
Total: 31

Other Threads:
  0x0000023502a29d80 VMThread "VM Thread"                           [id=23152, stack(0x000000ab7f200000,0x000000ab7f300000) (1024K)]
  0x0000023502a12500 WatcherThread "VM Periodic Task Thread"        [id=15256, stack(0x000000ab7f100000,0x000000ab7f200000) (1024K)]
  0x0000023563b03340 WorkerThread "GC Thread#0"                     [id=33080, stack(0x000000ab7ec00000,0x000000ab7ed00000) (1024K)]
  0x000002354876a150 WorkerThread "GC Thread#1"                     [id=15244, stack(0x000000ab00000000,0x000000ab00100000) (1024K)]
  0x000002354876a500 WorkerThread "GC Thread#2"                     [id=32180, stack(0x000000ab00100000,0x000000ab00200000) (1024K)]
  0x00000235487630a0 WorkerThread "GC Thread#3"                     [id=25136, stack(0x000000ab00200000,0x000000ab00300000) (1024K)]
  0x0000023548763450 WorkerThread "GC Thread#4"                     [id=33540, stack(0x000000ab00300000,0x000000ab00400000) (1024K)]
  0x0000023548763800 WorkerThread "GC Thread#5"                     [id=12032, stack(0x000000ab00400000,0x000000ab00500000) (1024K)]
  0x0000023548f16670 WorkerThread "GC Thread#6"                     [id=18144, stack(0x000000ab00600000,0x000000ab00700000) (1024K)]
  0x0000023548f7acc0 WorkerThread "GC Thread#7"                     [id=4112, stack(0x000000ab00700000,0x000000ab00800000) (1024K)]
  0x0000023563b13f40 ConcurrentGCThread "G1 Main Marker"            [id=27424, stack(0x000000ab7ed00000,0x000000ab7ee00000) (1024K)]
  0x0000023563b15100 WorkerThread "G1 Conc#0"                       [id=27336, stack(0x000000ab7ee00000,0x000000ab7ef00000) (1024K)]
  0x0000023549b75870 WorkerThread "G1 Conc#1"                       [id=34492, stack(0x000000ab00500000,0x000000ab00600000) (1024K)]
  0x0000023563b5eb40 ConcurrentGCThread "G1 Refine#0"               [id=22572, stack(0x000000ab7ef00000,0x000000ab7f000000) (1024K)]
  0x00000235028e1bc0 ConcurrentGCThread "G1 Service"                [id=33040, stack(0x000000ab7f000000,0x000000ab7f100000) (1024K)]
Total: 15

Threads with active compile tasks:
C2 CompilerThread0  1793298 9908       4       sun.security.ec.ECOperations::setSum (685 bytes)
Total: 1

VM state: not at safepoint (normal execution)

VM Mutex/Monitor currently owned by a thread: None

Heap address: 0x0000000704a00000, size: 4022 MB, Compressed Oops mode: Zero based, Oop shift amount: 3

CDS archive(s) mapped at: [0x0000023503000000-0x0000023503c50000-0x0000023503c50000), size 12910592, SharedBaseAddress: 0x0000023503000000, ArchiveRelocationMode: 1.
Compressed class space mapped at: 0x0000023504000000-0x0000023544000000, reserved size: 1073741824
Narrow klass base: 0x0000023503000000, Narrow klass shift: 0, Narrow klass range: 0x41000000

GC Precious Log:
 CardTable entry size: 512
 Card Set container configuration: InlinePtr #cards 4 size 8 Array Of Cards #cards 16 size 48 Howl #buckets 8 coarsen threshold 3686 Howl Bitmap #cards 512 size 80 coarsen threshold 460 Card regions per heap region 1 cards per card region 4096
 CPUs: 8 total, 8 available
 Memory: 16086M
 Large Page Support: Disabled
 NUMA Support: Disabled
 Compressed Oops: Enabled (Zero based)
 Heap Region Size: 2M
 Heap Min Capacity: 8M
 Heap Initial Capacity: 252M
 Heap Max Capacity: 4022M
 Pre-touch: Disabled
 Parallel Workers: 8
 Concurrent Workers: 2
 Concurrent Refinement Workers: 8
 Periodic GC: Disabled

Heap:
 garbage-first heap   total reserved 4118528K, committed 118784K, used 59594K [0x0000000704a00000, 0x0000000800000000)
  region size 2048K, 15 young (30720K), 4 survivors (8192K)
 Metaspace       used 80131K, committed 80896K, reserved 1179648K
  class space    used 11034K, committed 11392K, reserved 1048576K

Heap Regions: E=young(eden), S=young(survivor), O=old, HS=humongous(starts), HC=humongous(continues), CS=collection set, F=free, TAMS=top-at-mark-start, PB=parsable bottom
|   0|0x0000000704a00000, 0x0000000704c00000, 0x0000000704c00000|100%| O|  |TAMS 0x0000000704a00000| PB 0x0000000704a00000| Untracked |  0
|   1|0x0000000704c00000, 0x0000000704e00000, 0x0000000704e00000|100%| O|  |TAMS 0x0000000704c00000| PB 0x0000000704c00000| Untracked |  0
|   2|0x0000000704e00000, 0x0000000705000000, 0x0000000705000000|100%| O|  |TAMS 0x0000000704e00000| PB 0x0000000704e00000| Untracked |  0
|   3|0x0000000705000000, 0x0000000705200000, 0x0000000705200000|100%| O|  |TAMS 0x0000000705000000| PB 0x0000000705000000| Untracked |  0
|   4|0x0000000705200000, 0x0000000705400000, 0x0000000705400000|100%| O|  |TAMS 0x0000000705200000| PB 0x0000000705200000| Untracked |  0
|   5|0x0000000705400000, 0x0000000705600000, 0x0000000705600000|100%| O|  |TAMS 0x0000000705400000| PB 0x0000000705400000| Untracked |  0
|   6|0x0000000705600000, 0x0000000705800000, 0x0000000705800000|100%| O|  |TAMS 0x0000000705600000| PB 0x0000000705600000| Untracked |  0
|   7|0x0000000705800000, 0x0000000705a00000, 0x0000000705a00000|100%| O|  |TAMS 0x0000000705800000| PB 0x0000000705800000| Untracked |  0
|   8|0x0000000705a00000, 0x0000000705c00000, 0x0000000705c00000|100%| O|  |TAMS 0x0000000705a00000| PB 0x0000000705a00000| Untracked |  0
|   9|0x0000000705c00000, 0x0000000705e00000, 0x0000000705e00000|100%| O|  |TAMS 0x0000000705c00000| PB 0x0000000705c00000| Untracked |  0
|  10|0x0000000705e00000, 0x0000000706000000, 0x0000000706000000|100%| O|  |TAMS 0x0000000705e00000| PB 0x0000000705e00000| Untracked |  0
|  11|0x0000000706000000, 0x0000000706200000, 0x0000000706200000|100%| O|  |TAMS 0x0000000706000000| PB 0x0000000706000000| Untracked |  0
|  12|0x0000000706200000, 0x0000000706400000, 0x0000000706400000|100%| O|  |TAMS 0x0000000706200000| PB 0x0000000706200000| Untracked |  0
|  13|0x0000000706400000, 0x0000000706600000, 0x0000000706600000|100%| O|  |TAMS 0x0000000706400000| PB 0x0000000706400000| Untracked |  0
|  14|0x0000000706600000, 0x0000000706800000, 0x0000000706800000|100%| O|  |TAMS 0x0000000706600000| PB 0x0000000706600000| Untracked |  0
|  15|0x0000000706800000, 0x0000000706a00000, 0x0000000706a00000|100%| O|  |TAMS 0x0000000706800000| PB 0x0000000706800000| Untracked |  0
|  16|0x0000000706a00000, 0x0000000706a00000, 0x0000000706c00000|  0%| F|  |TAMS 0x0000000706a00000| PB 0x0000000706a00000| Untracked |  0
|  17|0x0000000706c00000, 0x0000000706d59860, 0x0000000706e00000| 67%| O|  |TAMS 0x0000000706c00000| PB 0x0000000706c00000| Untracked |  0
|  18|0x0000000706e00000, 0x0000000706e00000, 0x0000000707000000|  0%| F|  |TAMS 0x0000000706e00000| PB 0x0000000706e00000| Untracked |  0
|  19|0x0000000707000000, 0x0000000707000000, 0x0000000707200000|  0%| F|  |TAMS 0x0000000707000000| PB 0x0000000707000000| Untracked |  0
|  20|0x0000000707200000, 0x0000000707200000, 0x0000000707400000|  0%| F|  |TAMS 0x0000000707200000| PB 0x0000000707200000| Untracked |  0
|  21|0x0000000707400000, 0x0000000707400000, 0x0000000707600000|  0%| F|  |TAMS 0x0000000707400000| PB 0x0000000707400000| Untracked |  0
|  22|0x0000000707600000, 0x00000007076d9210, 0x0000000707800000| 42%| S|CS|TAMS 0x0000000707600000| PB 0x0000000707600000| Complete |  0
|  23|0x0000000707800000, 0x0000000707a00000, 0x0000000707a00000|100%| S|CS|TAMS 0x0000000707800000| PB 0x0000000707800000| Complete |  0
|  24|0x0000000707a00000, 0x0000000707c00000, 0x0000000707c00000|100%| S|CS|TAMS 0x0000000707a00000| PB 0x0000000707a00000| Complete |  0
|  25|0x0000000707c00000, 0x0000000707e00000, 0x0000000707e00000|100%| S|CS|TAMS 0x0000000707c00000| PB 0x0000000707c00000| Complete |  0
|  26|0x0000000707e00000, 0x0000000707e00000, 0x0000000708000000|  0%| F|  |TAMS 0x0000000707e00000| PB 0x0000000707e00000| Untracked |  0
|  27|0x0000000708000000, 0x0000000708000000, 0x0000000708200000|  0%| F|  |TAMS 0x0000000708000000| PB 0x0000000708000000| Untracked |  0
|  28|0x0000000708200000, 0x0000000708200000, 0x0000000708400000|  0%| F|  |TAMS 0x0000000708200000| PB 0x0000000708200000| Untracked |  0
|  29|0x0000000708400000, 0x0000000708400000, 0x0000000708600000|  0%| F|  |TAMS 0x0000000708400000| PB 0x0000000708400000| Untracked |  0
|  30|0x0000000708600000, 0x0000000708600000, 0x0000000708800000|  0%| F|  |TAMS 0x0000000708600000| PB 0x0000000708600000| Untracked |  0
|  31|0x0000000708800000, 0x0000000708800000, 0x0000000708a00000|  0%| F|  |TAMS 0x0000000708800000| PB 0x0000000708800000| Untracked |  0
|  32|0x0000000708a00000, 0x0000000708a00000, 0x0000000708c00000|  0%| F|  |TAMS 0x0000000708a00000| PB 0x0000000708a00000| Untracked |  0
|  33|0x0000000708c00000, 0x0000000708c00000, 0x0000000708e00000|  0%| F|  |TAMS 0x0000000708c00000| PB 0x0000000708c00000| Untracked |  0
|  34|0x0000000708e00000, 0x0000000708e00000, 0x0000000709000000|  0%| F|  |TAMS 0x0000000708e00000| PB 0x0000000708e00000| Untracked |  0
|  35|0x0000000709000000, 0x0000000709000000, 0x0000000709200000|  0%| F|  |TAMS 0x0000000709000000| PB 0x0000000709000000| Untracked |  0
|  36|0x0000000709200000, 0x0000000709200000, 0x0000000709400000|  0%| F|  |TAMS 0x0000000709200000| PB 0x0000000709200000| Untracked |  0
|  37|0x0000000709400000, 0x0000000709400000, 0x0000000709600000|  0%| F|  |TAMS 0x0000000709400000| PB 0x0000000709400000| Untracked |  0
|  38|0x0000000709600000, 0x0000000709600000, 0x0000000709800000|  0%| F|  |TAMS 0x0000000709600000| PB 0x0000000709600000| Untracked |  0
|  39|0x0000000709800000, 0x0000000709800000, 0x0000000709a00000|  0%| F|  |TAMS 0x0000000709800000| PB 0x0000000709800000| Untracked |  0
|  40|0x0000000709a00000, 0x0000000709a00000, 0x0000000709c00000|  0%| F|  |TAMS 0x0000000709a00000| PB 0x0000000709a00000| Untracked |  0
|  41|0x0000000709c00000, 0x0000000709c00000, 0x0000000709e00000|  0%| F|  |TAMS 0x0000000709c00000| PB 0x0000000709c00000| Untracked |  0
|  42|0x0000000709e00000, 0x0000000709e00000, 0x000000070a000000|  0%| F|  |TAMS 0x0000000709e00000| PB 0x0000000709e00000| Untracked |  0
|  43|0x000000070a000000, 0x000000070a000000, 0x000000070a200000|  0%| F|  |TAMS 0x000000070a000000| PB 0x000000070a000000| Untracked |  0
|  44|0x000000070a200000, 0x000000070a200000, 0x000000070a400000|  0%| F|  |TAMS 0x000000070a200000| PB 0x000000070a200000| Untracked |  0
|  45|0x000000070a400000, 0x000000070a400000, 0x000000070a600000|  0%| F|  |TAMS 0x000000070a400000| PB 0x000000070a400000| Untracked |  0
|  46|0x000000070a600000, 0x000000070a600000, 0x000000070a800000|  0%| F|  |TAMS 0x000000070a600000| PB 0x000000070a600000| Untracked |  0
|  47|0x000000070a800000, 0x000000070a873660, 0x000000070aa00000| 22%| E|  |TAMS 0x000000070a800000| PB 0x000000070a800000| Complete |  0
|  48|0x000000070aa00000, 0x000000070ac00000, 0x000000070ac00000|100%| E|CS|TAMS 0x000000070aa00000| PB 0x000000070aa00000| Complete |  0
|  49|0x000000070ac00000, 0x000000070ae00000, 0x000000070ae00000|100%| E|CS|TAMS 0x000000070ac00000| PB 0x000000070ac00000| Complete |  0
|  50|0x000000070ae00000, 0x000000070b000000, 0x000000070b000000|100%| E|CS|TAMS 0x000000070ae00000| PB 0x000000070ae00000| Complete |  0
|  51|0x000000070b000000, 0x000000070b200000, 0x000000070b200000|100%| E|CS|TAMS 0x000000070b000000| PB 0x000000070b000000| Complete |  0
|  52|0x000000070b200000, 0x000000070b400000, 0x000000070b400000|100%| E|CS|TAMS 0x000000070b200000| PB 0x000000070b200000| Complete |  0
|  53|0x000000070b400000, 0x000000070b600000, 0x000000070b600000|100%| E|CS|TAMS 0x000000070b400000| PB 0x000000070b400000| Complete |  0
|  54|0x000000070b600000, 0x000000070b800000, 0x000000070b800000|100%| E|CS|TAMS 0x000000070b600000| PB 0x000000070b600000| Complete |  0
|  67|0x000000070d000000, 0x000000070d200000, 0x000000070d200000|100%| E|CS|TAMS 0x000000070d000000| PB 0x000000070d000000| Complete |  0
|  68|0x000000070d200000, 0x000000070d400000, 0x000000070d400000|100%| E|  |TAMS 0x000000070d200000| PB 0x000000070d200000| Complete |  0
| 125|0x0000000714400000, 0x0000000714600000, 0x0000000714600000|100%| E|CS|TAMS 0x0000000714400000| PB 0x0000000714400000| Complete |  0

Card table byte_map: [0x000002357b8f0000,0x000002357c0d0000] _byte_map_base: 0x00000235780cb000

Marking Bits: (CMBitMap*) 0x0000023563b03960
 Bits: [0x000002357c0d0000, 0x000002357ffa8000)

Polling page: 0x0000023561a00000

Metaspace:

Usage:
  Non-class:     67.48 MB used.
      Class:     10.78 MB used.
       Both:     78.25 MB used.

Virtual space:
  Non-class space:      128.00 MB reserved,      67.88 MB ( 53%) committed,  2 nodes.
      Class space:        1.00 GB reserved,      11.12 MB (  1%) committed,  1 nodes.
             Both:        1.12 GB reserved,      79.00 MB (  7%) committed. 

Chunk freelists:
   Non-Class:  11.69 MB
       Class:  4.86 MB
        Both:  16.55 MB

MaxMetaspaceSize: unlimited
CompressedClassSpaceSize: 1.00 GB
Initial GC threshold: 21.00 MB
Current GC threshold: 116.06 MB
CDS: on
 - commit_granule_bytes: 65536.
 - commit_granule_words: 8192.
 - virtual_space_node_default_size: 8388608.
 - enlarge_chunks_in_place: 1.
 - use_allocation_guard: 0.


Internal statistics:

num_allocs_failed_limit: 9.
num_arena_births: 1138.
num_arena_deaths: 0.
num_vsnodes_births: 3.
num_vsnodes_deaths: 0.
num_space_committed: 1264.
num_space_uncommitted: 0.
num_chunks_returned_to_freelist: 9.
num_chunks_taken_from_freelist: 3927.
num_chunk_merges: 6.
num_chunk_splits: 2818.
num_chunks_enlarged: 2199.
num_inconsistent_stats: 0.

CodeHeap 'non-profiled nmethods': size=120000Kb used=6427Kb max_used=6427Kb free=113572Kb
 bounds [0x00000235738b0000, 0x0000023573f00000, 0x000002357ade0000]
CodeHeap 'profiled nmethods': size=120000Kb used=15684Kb max_used=15684Kb free=104315Kb
 bounds [0x000002356bde0000, 0x000002356cd40000, 0x0000023573310000]
CodeHeap 'non-nmethods': size=5760Kb used=1993Kb max_used=2060Kb free=3766Kb
 bounds [0x0000023573310000, 0x0000023573580000, 0x00000235738b0000]
 total_blobs=9475 nmethods=8698 adapters=680
 compilation: enabled
              stopped_count=0, restarted_count=0
 full_count=0

Compilation events (20 events):
Event: 1793.216 Thread 0x0000023502a55e00 9913       3       sun.security.util.DisabledAlgorithmConstraints$Constraints::getConstraints (20 bytes)
Event: 1793.216 Thread 0x0000023502a55e00 nmethod 9913 0x000002356cd2b190 code [0x000002356cd2b380, 0x000002356cd2b868]
Event: 1793.216 Thread 0x0000023502a55e00 9914       3       javax.crypto.Cipher::doFinal (68 bytes)
Event: 1793.217 Thread 0x0000023502a55e00 nmethod 9914 0x000002356cd2ba10 code [0x000002356cd2bc40, 0x000002356cd2c2c8]
Event: 1793.217 Thread 0x0000023502a55e00 9916       3       javax.crypto.Cipher::updateAAD (24 bytes)
Event: 1793.217 Thread 0x0000023502a55e00 nmethod 9916 0x000002356cd2c510 code [0x000002356cd2c6e0, 0x000002356cd2c928]
Event: 1793.217 Thread 0x0000023502a55e00 9917       3       javax.crypto.Cipher::updateAAD (55 bytes)
Event: 1793.217 Thread 0x0000023502a55e00 nmethod 9917 0x000002356cd2ca10 code [0x000002356cd2cc00, 0x000002356cd2d0f0]
Event: 1793.217 Thread 0x0000023502a55e00 9915       3       java.nio.ByteBuffer::get (9 bytes)
Event: 1793.217 Thread 0x0000023502a55e00 nmethod 9915 0x000002356cd2d290 code [0x000002356cd2d440, 0x000002356cd2d620]
Event: 1793.217 Thread 0x0000023502a55e00 9918       3       java.net.Socket::isClosed (13 bytes)
Event: 1793.217 Thread 0x0000023502a55e00 nmethod 9918 0x000002356cd2d710 code [0x000002356cd2d8a0, 0x000002356cd2d9e0]
Event: 1793.218 Thread 0x0000023502a55e00 9919       3       com.mysql.cj.protocol.a.MysqlTextValueDecoder::getLong (324 bytes)
Event: 1793.219 Thread 0x0000023502a55e00 nmethod 9919 0x000002356cd2da90 code [0x000002356cd2dde0, 0x000002356cd2f4a8]
Event: 1793.219 Thread 0x0000023502a55e00 9922       3       com.sun.crypto.provider.GaloisCounterMode$GCMDecrypt::checkDataLength (53 bytes)
Event: 1793.219 Thread 0x0000023502a55e00 nmethod 9922 0x000002356cd2fd10 code [0x000002356cd2ff00, 0x000002356cd30348]
Event: 1793.219 Thread 0x0000023502a55e00 9920       3       com.mysql.cj.jdbc.ConnectionImpl::checkClosed (8 bytes)
Event: 1793.219 Thread 0x0000023502a55e00 nmethod 9920 0x000002356cd30590 code [0x000002356cd30740, 0x000002356cd308a0]
Event: 1793.219 Thread 0x0000023502a55e00 9921       3       com.mysql.cj.NativeSession::checkClosed (63 bytes)
Event: 1793.219 Thread 0x0000023502a55e00 nmethod 9921 0x000002356cd30990 code [0x000002356cd30b80, 0x000002356cd31188]

GC Heap History (20 events):
Event: 3.666 GC heap before
{Heap before GC invocations=9 (full 0):
 garbage-first heap   total reserved 4118528K, committed 81920K, used 66840K [0x0000000704a00000, 0x0000000800000000)
  region size 2048K, 24 young (49152K), 2 survivors (4096K)
 Metaspace       used 48974K, committed 49600K, reserved 1114112K
  class space    used 6366K, committed 6656K, reserved 1048576K
}
Event: 3.673 GC heap after
{Heap after GC invocations=10 (full 0):
 garbage-first heap   total reserved 4118528K, committed 81920K, used 26009K [0x0000000704a00000, 0x0000000800000000)
  region size 2048K, 3 young (6144K), 3 survivors (6144K)
 Metaspace       used 48974K, committed 49600K, reserved 1114112K
  class space    used 6366K, committed 6656K, reserved 1048576K
}
Event: 4.121 GC heap before
{Heap before GC invocations=10 (full 0):
 garbage-first heap   total reserved 4118528K, committed 81920K, used 66969K [0x0000000704a00000, 0x0000000800000000)
  region size 2048K, 23 young (47104K), 3 survivors (6144K)
 Metaspace       used 56115K, committed 56704K, reserved 1114112K
  class space    used 7522K, committed 7808K, reserved 1048576K
}
Event: 4.129 GC heap after
{Heap after GC invocations=11 (full 0):
 garbage-first heap   total reserved 4118528K, committed 81920K, used 28039K [0x0000000704a00000, 0x0000000800000000)
  region size 2048K, 1 young (2048K), 1 survivors (2048K)
 Metaspace       used 56115K, committed 56704K, reserved 1114112K
  class space    used 7522K, committed 7808K, reserved 1048576K
}
Event: 4.468 GC heap before
{Heap before GC invocations=11 (full 0):
 garbage-first heap   total reserved 4118528K, committed 81920K, used 46471K [0x0000000704a00000, 0x0000000800000000)
  region size 2048K, 11 young (22528K), 1 survivors (2048K)
 Metaspace       used 59971K, committed 60608K, reserved 1114112K
  class space    used 8083K, committed 8384K, reserved 1048576K
}
Event: 4.473 GC heap after
{Heap after GC invocations=12 (full 0):
 garbage-first heap   total reserved 4118528K, committed 81920K, used 28700K [0x0000000704a00000, 0x0000000800000000)
  region size 2048K, 2 young (4096K), 2 survivors (4096K)
 Metaspace       used 59971K, committed 60608K, reserved 1114112K
  class space    used 8083K, committed 8384K, reserved 1048576K
}
Event: 4.865 GC heap before
{Heap before GC invocations=13 (full 0):
 garbage-first heap   total reserved 4118528K, committed 81920K, used 69660K [0x0000000704a00000, 0x0000000800000000)
  region size 2048K, 22 young (45056K), 2 survivors (4096K)
 Metaspace       used 63881K, committed 64576K, reserved 1114112K
  class space    used 8650K, committed 8960K, reserved 1048576K
}
Event: 4.869 GC heap after
{Heap after GC invocations=14 (full 0):
 garbage-first heap   total reserved 4118528K, committed 81920K, used 31013K [0x0000000704a00000, 0x0000000800000000)
  region size 2048K, 3 young (6144K), 3 survivors (6144K)
 Metaspace       used 63881K, committed 64576K, reserved 1114112K
  class space    used 8650K, committed 8960K, reserved 1048576K
}
Event: 5.213 GC heap before
{Heap before GC invocations=14 (full 0):
 garbage-first heap   total reserved 4118528K, committed 81920K, used 69925K [0x0000000704a00000, 0x0000000800000000)
  region size 2048K, 22 young (45056K), 3 survivors (6144K)
 Metaspace       used 66770K, committed 67392K, reserved 1114112K
  class space    used 9136K, committed 9408K, reserved 1048576K
}
Event: 5.218 GC heap after
{Heap after GC invocations=15 (full 0):
 garbage-first heap   total reserved 4118528K, committed 98304K, used 32418K [0x0000000704a00000, 0x0000000800000000)
  region size 2048K, 3 young (6144K), 3 survivors (6144K)
 Metaspace       used 66770K, committed 67392K, reserved 1114112K
  class space    used 9136K, committed 9408K, reserved 1048576K
}
Event: 5.511 GC heap before
{Heap before GC invocations=15 (full 0):
 garbage-first heap   total reserved 4118528K, committed 98304K, used 81570K [0x0000000704a00000, 0x0000000800000000)
  region size 2048K, 28 young (57344K), 3 survivors (6144K)
 Metaspace       used 69909K, committed 70592K, reserved 1114112K
  class space    used 9668K, committed 9920K, reserved 1048576K
}
Event: 5.515 GC heap after
{Heap after GC invocations=16 (full 0):
 garbage-first heap   total reserved 4118528K, committed 98304K, used 34537K [0x0000000704a00000, 0x0000000800000000)
  region size 2048K, 3 young (6144K), 3 survivors (6144K)
 Metaspace       used 69909K, committed 70592K, reserved 1114112K
  class space    used 9668K, committed 9920K, reserved 1048576K
}
Event: 5.653 GC heap before
{Heap before GC invocations=16 (full 0):
 garbage-first heap   total reserved 4118528K, committed 98304K, used 83689K [0x0000000704a00000, 0x0000000800000000)
  region size 2048K, 27 young (55296K), 3 survivors (6144K)
 Metaspace       used 70214K, committed 70912K, reserved 1114112K
  class space    used 9686K, committed 9984K, reserved 1048576K
}
Event: 5.657 GC heap after
{Heap after GC invocations=17 (full 0):
 garbage-first heap   total reserved 4118528K, committed 98304K, used 38002K [0x0000000704a00000, 0x0000000800000000)
  region size 2048K, 3 young (6144K), 3 survivors (6144K)
 Metaspace       used 70214K, committed 70912K, reserved 1114112K
  class space    used 9686K, committed 9984K, reserved 1048576K
}
Event: 5.760 GC heap before
{Heap before GC invocations=17 (full 0):
 garbage-first heap   total reserved 4118528K, committed 98304K, used 85106K [0x0000000704a00000, 0x0000000800000000)
  region size 2048K, 26 young (53248K), 3 survivors (6144K)
 Metaspace       used 70462K, committed 71168K, reserved 1114112K
  class space    used 9704K, committed 9984K, reserved 1048576K
}
Event: 5.763 GC heap after
{Heap after GC invocations=18 (full 0):
 garbage-first heap   total reserved 4118528K, committed 98304K, used 37014K [0x0000000704a00000, 0x0000000800000000)
  region size 2048K, 2 young (4096K), 2 survivors (4096K)
 Metaspace       used 70462K, committed 71168K, reserved 1114112K
  class space    used 9704K, committed 9984K, reserved 1048576K
}
Event: 6.017 GC heap before
{Heap before GC invocations=19 (full 0):
 garbage-first heap   total reserved 4118528K, committed 98304K, used 86166K [0x0000000704a00000, 0x0000000800000000)
  region size 2048K, 26 young (53248K), 2 survivors (4096K)
 Metaspace       used 72136K, committed 72896K, reserved 1114112K
  class space    used 9932K, committed 10240K, reserved 1048576K
}
Event: 6.020 GC heap after
{Heap after GC invocations=20 (full 0):
 garbage-first heap   total reserved 4118528K, committed 98304K, used 38901K [0x0000000704a00000, 0x0000000800000000)
  region size 2048K, 3 young (6144K), 3 survivors (6144K)
 Metaspace       used 72136K, committed 72896K, reserved 1114112K
  class space    used 9932K, committed 10240K, reserved 1048576K
}
Event: 31.820 GC heap before
{Heap before GC invocations=20 (full 0):
 garbage-first heap   total reserved 4118528K, committed 98304K, used 81909K [0x0000000704a00000, 0x0000000800000000)
  region size 2048K, 25 young (51200K), 3 survivors (6144K)
 Metaspace       used 76789K, committed 77632K, reserved 1179648K
  class space    used 10578K, committed 10944K, reserved 1048576K
}
Event: 31.826 GC heap after
{Heap after GC invocations=21 (full 0):
 garbage-first heap   total reserved 4118528K, committed 118784K, used 41162K [0x0000000704a00000, 0x0000000800000000)
  region size 2048K, 4 young (8192K), 4 survivors (8192K)
 Metaspace       used 76789K, committed 77632K, reserved 1179648K
  class space    used 10578K, committed 10944K, reserved 1048576K
}

Dll operation events (15 events):
Event: 0.014 Loaded shared library C:\Users\esaleem\.jdks\openjdk-22\bin\java.dll
Event: 0.055 Loaded shared library C:\Users\esaleem\.jdks\openjdk-22\bin\jsvml.dll
Event: 0.161 Loaded shared library C:\Users\esaleem\.jdks\openjdk-22\bin\zip.dll
Event: 0.165 Loaded shared library C:\Users\esaleem\.jdks\openjdk-22\bin\instrument.dll
Event: 0.169 Loaded shared library C:\Users\esaleem\.jdks\openjdk-22\bin\net.dll
Event: 0.171 Loaded shared library C:\Users\esaleem\.jdks\openjdk-22\bin\nio.dll
Event: 0.174 Loaded shared library C:\Users\esaleem\.jdks\openjdk-22\bin\zip.dll
Event: 0.238 Loaded shared library C:\Program Files\JetBrains\IntelliJ IDEA Community Edition 2023.3.4\bin\breakgen64.dll
Event: 0.247 Loaded shared library C:\Users\esaleem\.jdks\openjdk-22\bin\extnet.dll
Event: 0.267 Loaded shared library C:\Users\esaleem\.jdks\openjdk-22\bin\jimage.dll
Event: 0.733 Loaded shared library C:\Users\esaleem\.jdks\openjdk-22\bin\le.dll
Event: 1.078 Loaded shared library C:\Users\esaleem\.jdks\openjdk-22\bin\sunmscapi.dll
Event: 2.353 Loaded shared library C:\Users\esaleem\.jdks\openjdk-22\bin\management.dll
Event: 2.355 Loaded shared library C:\Users\esaleem\.jdks\openjdk-22\bin\management_ext.dll
Event: 2.753 Loaded shared library C:\Users\esaleem\.jdks\openjdk-22\bin\verify.dll

Deoptimization events (20 events):
Event: 1785.446 Thread 0x000002354ca42eb0 Uncommon trap: trap_request=0xffffff45 fr.pc=0x0000023573accf9c relative=0x0000000000002cbc
Event: 1785.446 Thread 0x000002354ca42eb0 Uncommon trap: reason=unstable_if action=reinterpret pc=0x0000023573accf9c method=java.util.concurrent.ConcurrentMap.computeIfAbsent(Ljava/lang/Object;Ljava/util/function/Function;)Ljava/lang/Object; @ 41 c2
Event: 1785.446 Thread 0x000002354ca42eb0 DEOPT PACKING pc=0x0000023573accf9c sp=0x000000ab011fb750
Event: 1785.446 Thread 0x000002354ca42eb0 DEOPT UNPACKING pc=0x0000023573367da2 sp=0x000000ab011fb688 mode 2
Event: 1785.449 Thread 0x000002354ca43bd0 Uncommon trap: trap_request=0xffffffc6 fr.pc=0x0000023573ec04fc relative=0x000000000000019c
Event: 1785.449 Thread 0x000002354ca43bd0 Uncommon trap: reason=bimorphic_or_optimized_type_check action=maybe_recompile pc=0x0000023573ec04fc method=java.util.regex.Pattern.lambda$negate$7(Ljava/util/regex/Pattern$CharPredicate;I)Z @ 2 c2
Event: 1785.449 Thread 0x000002354ca43bd0 DEOPT PACKING pc=0x0000023573ec04fc sp=0x000000ab015fae70
Event: 1785.450 Thread 0x000002354ca43bd0 DEOPT UNPACKING pc=0x0000023573367da2 sp=0x000000ab015fad90 mode 2
Event: 1785.450 Thread 0x000002354ca43bd0 Uncommon trap: trap_request=0xffffffc6 fr.pc=0x0000023573ec04fc relative=0x000000000000019c
Event: 1785.450 Thread 0x000002354ca43bd0 Uncommon trap: reason=bimorphic_or_optimized_type_check action=maybe_recompile pc=0x0000023573ec04fc method=java.util.regex.Pattern.lambda$negate$7(Ljava/util/regex/Pattern$CharPredicate;I)Z @ 2 c2
Event: 1785.450 Thread 0x000002354ca43bd0 DEOPT PACKING pc=0x0000023573ec04fc sp=0x000000ab015fae70
Event: 1785.450 Thread 0x000002354ca43bd0 DEOPT UNPACKING pc=0x0000023573367da2 sp=0x000000ab015fad90 mode 2
Event: 1785.450 Thread 0x000002354ca43bd0 Uncommon trap: trap_request=0xffffffc6 fr.pc=0x0000023573ec04fc relative=0x000000000000019c
Event: 1785.450 Thread 0x000002354ca43bd0 Uncommon trap: reason=bimorphic_or_optimized_type_check action=maybe_recompile pc=0x0000023573ec04fc method=java.util.regex.Pattern.lambda$negate$7(Ljava/util/regex/Pattern$CharPredicate;I)Z @ 2 c2
Event: 1785.450 Thread 0x000002354ca43bd0 DEOPT PACKING pc=0x0000023573ec04fc sp=0x000000ab015fae70
Event: 1785.450 Thread 0x000002354ca43bd0 DEOPT UNPACKING pc=0x0000023573367da2 sp=0x000000ab015fad90 mode 2
Event: 1785.450 Thread 0x000002354ca43bd0 Uncommon trap: trap_request=0xffffffc6 fr.pc=0x0000023573ec04fc relative=0x000000000000019c
Event: 1785.450 Thread 0x000002354ca43bd0 Uncommon trap: reason=bimorphic_or_optimized_type_check action=maybe_recompile pc=0x0000023573ec04fc method=java.util.regex.Pattern.lambda$negate$7(Ljava/util/regex/Pattern$CharPredicate;I)Z @ 2 c2
Event: 1785.450 Thread 0x000002354ca43bd0 DEOPT PACKING pc=0x0000023573ec04fc sp=0x000000ab015fae70
Event: 1785.450 Thread 0x000002354ca43bd0 DEOPT UNPACKING pc=0x0000023573367da2 sp=0x000000ab015fad90 mode 2

Classes loaded (20 events):
Event: 31.976 Loading class java/util/OptionalDouble
Event: 31.976 Loading class java/util/OptionalDouble done
Event: 31.977 Loading class java/util/stream/LongStream
Event: 31.977 Loading class java/util/stream/LongStream done
Event: 31.977 Loading class java/util/stream/DoubleStream
Event: 31.977 Loading class java/util/stream/DoubleStream done
Event: 31.986 Loading class org/w3c/dom/Node
Event: 31.986 Loading class org/w3c/dom/Node done
Event: 31.986 Loading class org/w3c/dom/Document
Event: 31.987 Loading class org/w3c/dom/Document done
Event: 1763.908 Loading class sun/security/ssl/Alert
Event: 1763.909 Loading class sun/security/ssl/Alert done
Event: 1763.910 Loading class sun/security/ssl/Alert$AlertConsumer
Event: 1763.911 Loading class sun/security/ssl/Alert$AlertConsumer done
Event: 1763.911 Loading class sun/security/ssl/Alert$Level
Event: 1763.911 Loading class sun/security/ssl/Alert$Level done
Event: 1763.912 Loading class sun/net/ConnectionResetException
Event: 1763.912 Loading class sun/net/ConnectionResetException done
Event: 1785.353 Loading class java/util/concurrent/locks/ReentrantReadWriteLock$Sync$HoldCounter
Event: 1785.353 Loading class java/util/concurrent/locks/ReentrantReadWriteLock$Sync$HoldCounter done

Classes unloaded (0 events):
No events

Classes redefined (0 events):
No events

Internal exceptions (20 events):
Event: 6.115 Thread 0x0000023563a998f0 Exception <a 'java/lang/IncompatibleClassChangeError'{0x0000000709e9afc8}: Found class java.lang.Object, but interface was expected> (0x0000000709e9afc8) 
thrown [s\open\src\hotspot\share\interpreter\linkResolver.cpp, line 841]
Event: 6.208 Thread 0x0000023563a998f0 Exception <a 'java/lang/NoSuchMethodError'{0x000000070970f1d8}: 'void java.lang.invoke.DirectMethodHandle$Holder.invokeVirtual(java.lang.Object, java.lang.Object, long)'> (0x000000070970f1d8) 
thrown [s\open\src\hotspot\share\interpreter\linkResolver.cpp, line 774]
Event: 6.254 Thread 0x0000023563a998f0 Exception <a 'java/lang/NoSuchMethodError'{0x00000007093a2cc8}: 'int java.lang.invoke.DirectMethodHandle$Holder.invokeStaticInit(java.lang.Object, java.lang.Object, java.lang.Object, java.lang.Object)'> (0x00000007093a2cc8) 
thrown [s\open\src\hotspot\share\interpreter\linkResolver.cpp, line 774]
Event: 6.268 Thread 0x0000023563a998f0 Exception <a 'java/lang/IncompatibleClassChangeError'{0x0000000709148cd8}: Found class java.lang.Object, but interface was expected> (0x0000000709148cd8) 
thrown [s\open\src\hotspot\share\interpreter\linkResolver.cpp, line 841]
Event: 6.326 Thread 0x0000023563a998f0 Exception <a 'java/lang/NoSuchMethodError'{0x0000000708849ab8}: 'java.lang.Object java.lang.invoke.DirectMethodHandle$Holder.newInvokeSpecial(java.lang.Object, java.lang.Object, int, java.lang.Object, java.lang.Object)'> (0x0000000708849ab8) 
thrown [s\open\src\hotspot\share\interpreter\linkResolver.cpp, line 774]
Event: 6.327 Thread 0x0000023563a998f0 Exception <a 'java/lang/NoSuchMethodError'{0x0000000708854598}: 'java.lang.Object java.lang.invoke.DirectMethodHandle$Holder.invokeSpecial(java.lang.Object, java.lang.Object, int, java.lang.Object, int, java.lang.Object)'> (0x0000000708854598) 
thrown [s\open\src\hotspot\share\interpreter\linkResolver.cpp, line 774]
Event: 6.327 Thread 0x0000023563a998f0 Exception <a 'java/lang/NoSuchMethodError'{0x000000070885b3c8}: 'java.lang.Object java.lang.invoke.DirectMethodHandle$Holder.newInvokeSpecial(java.lang.Object, java.lang.Object, int, java.lang.Object, int)'> (0x000000070885b3c8) 
thrown [s\open\src\hotspot\share\interpreter\linkResolver.cpp, line 774]
Event: 6.327 Thread 0x0000023563a998f0 Exception <a 'java/lang/NoSuchMethodError'{0x000000070885f200}: 'java.lang.Object java.lang.invoke.DirectMethodHandle$Holder.invokeSpecial(java.lang.Object, java.lang.Object, java.lang.Object, int, java.lang.Object, int)'> (0x000000070885f200) 
thrown [s\open\src\hotspot\share\interpreter\linkResolver.cpp, line 774]
Event: 31.704 Thread 0x000002354ca3e680 Exception <a 'java/lang/NoSuchMethodError'{0x00000007082db5e8}: 'java.lang.Object java.lang.invoke.DirectMethodHandle$Holder.invokeSpecial(java.lang.Object, java.lang.Object, java.lang.Object, java.lang.Object, java.lang.Object, long)'> (0x00000007082db5e8) 
thrown [s\open\src\hotspot\share\interpreter\linkResolver.cpp, line 774]
Event: 31.704 Thread 0x000002354ca3e680 Exception <a 'java/lang/NoSuchMethodError'{0x00000007082ded60}: 'java.lang.Object java.lang.invoke.Invokers$Holder.linkToTargetMethod(java.lang.Object, java.lang.Object, java.lang.Object, long, java.lang.Object)'> (0x00000007082ded60) 
thrown [s\open\src\hotspot\share\interpreter\linkResolver.cpp, line 774]
Event: 31.885 Thread 0x000002354ca42eb0 Exception <a 'java/lang/NoSuchMethodError'{0x000000070d199260}: 'void java.lang.invoke.DirectMethodHandle$Holder.invokeSpecialIFC(java.lang.Object, java.lang.Object, int, java.lang.Object, java.lang.Object, java.lang.Object, java.lang.Object)'> (0x000000070d199260) 
thrown [s\open\src\hotspot\share\interpreter\linkResolver.cpp, line 774]
Event: 1763.911 Thread 0x000002354b765a20 Exception <a 'java/io/IOException'{0x000000070b037568}> (0x000000070b037568) 
thrown [s\open\src\hotspot\share\prims\jni.cpp, line 520]
Event: 1763.912 Thread 0x000002354b765a20 Exception <a 'java/io/IOException'{0x000000070b038a08}> (0x000000070b038a08) 
thrown [s\open\src\hotspot\share\prims\jni.cpp, line 520]
Event: 1783.200 Thread 0x000002354b765a20 Exception <a 'java/io/IOException'{0x000000070b167750}> (0x000000070b167750) 
thrown [s\open\src\hotspot\share\prims\jni.cpp, line 520]
Event: 1783.202 Thread 0x000002354b765a20 Exception <a 'java/io/IOException'{0x000000070b1683b8}> (0x000000070b1683b8) 
thrown [s\open\src\hotspot\share\prims\jni.cpp, line 520]
Event: 1783.293 Thread 0x000002354b765a20 Exception <a 'java/net/SocketException'{0x000000070b16a238}: Connection reset by peer: shutdown> (0x000000070b16a238) 
thrown [s\open\src\hotspot\share\prims\jni.cpp, line 539]
Event: 1785.381 Thread 0x000002354ca448f0 Exception <a 'java/lang/NoSuchMethodError'{0x000000070ad89aa0}: 'java.lang.Object java.lang.invoke.DirectMethodHandle$Holder.invokeInterface(java.lang.Object, java.lang.Object, java.lang.Object, java.lang.Object)'> (0x000000070ad89aa0) 
thrown [s\open\src\hotspot\share\interpreter\linkResolver.cpp, line 774]
Event: 1785.381 Thread 0x000002354ca43540 Exception <a 'java/lang/NoSuchMethodError'{0x000000070ad904a0}: 'java.lang.Object java.lang.invoke.DirectMethodHandle$Holder.invokeInterface(java.lang.Object, java.lang.Object, java.lang.Object, java.lang.Object)'> (0x000000070ad904a0) 
thrown [s\open\src\hotspot\share\interpreter\linkResolver.cpp, line 774]
Event: 1793.209 Thread 0x000002354b765a20 Exception <a 'java/io/IOException'{0x000000070abecb90}> (0x000000070abecb90) 
thrown [s\open\src\hotspot\share\prims\jni.cpp, line 520]
Event: 1793.209 Thread 0x000002354b765a20 Exception <a 'java/io/IOException'{0x000000070abed7f8}> (0x000000070abed7f8) 
thrown [s\open\src\hotspot\share\prims\jni.cpp, line 520]

ZGC Phase Switch (0 events):
No events

VM Operations (20 events):
Event: 1431.782 Executing VM operation: Cleanup
Event: 1431.782 Executing VM operation: Cleanup done
Event: 1482.221 Executing VM operation: Cleanup
Event: 1482.221 Executing VM operation: Cleanup done
Event: 1527.538 Executing VM operation: Cleanup
Event: 1527.538 Executing VM operation: Cleanup done
Event: 1623.221 Executing VM operation: Cleanup
Event: 1623.221 Executing VM operation: Cleanup done
Event: 1764.212 Executing VM operation: Cleanup
Event: 1764.212 Executing VM operation: Cleanup done
Event: 1777.331 Executing VM operation: Cleanup
Event: 1777.331 Executing VM operation: Cleanup done
Event: 1783.369 Executing VM operation: Cleanup
Event: 1783.369 Executing VM operation: Cleanup done
Event: 1785.374 Executing VM operation: Cleanup
Event: 1785.375 Executing VM operation: Cleanup done
Event: 1785.442 Executing VM operation: HandshakeAllThreads (Deoptimize)
Event: 1785.442 Executing VM operation: HandshakeAllThreads (Deoptimize) done
Event: 1786.456 Executing VM operation: Cleanup
Event: 1786.456 Executing VM operation: Cleanup done

Events (20 events):
Event: 31.750 Thread 0x000002354cabf780 Thread added: 0x000002354cabf780
Event: 31.771 Thread 0x000002354cac0bf0 Thread added: 0x000002354cac0bf0
Event: 33.344 Thread 0x000002354cac0bf0 Thread exited: 0x000002354cac0bf0
Event: 33.765 Thread 0x000002354cabf780 Thread exited: 0x000002354cabf780
Event: 1763.905 Thread 0x000002354b765a20 Thread added: 0x000002354b765a20
Event: 1763.906 Thread 0x000002354b762c30 Thread added: 0x000002354b762c30
Event: 1768.914 Thread 0x000002354b765a20 Thread exited: 0x000002354b765a20
Event: 1768.961 Thread 0x000002354b762c30 Thread exited: 0x000002354b762c30
Event: 1777.053 Thread 0x000002354b762c30 Thread added: 0x000002354b762c30
Event: 1777.053 Thread 0x000002354b765a20 Thread added: 0x000002354b765a20
Event: 1782.070 Thread 0x000002354b762c30 Thread exited: 0x000002354b762c30
Event: 1782.086 Thread 0x000002354b765a20 Thread exited: 0x000002354b765a20
Event: 1783.198 Thread 0x000002354b765a20 Thread added: 0x000002354b765a20
Event: 1783.199 Thread 0x000002354b762c30 Thread added: 0x000002354b762c30
Event: 1785.335 Thread 0x000002354cac0bf0 Thread added: 0x000002354cac0bf0
Event: 1788.303 Thread 0x000002354b765a20 Thread exited: 0x000002354b765a20
Event: 1788.349 Thread 0x000002354b762c30 Thread exited: 0x000002354b762c30
Event: 1790.489 Thread 0x000002354cac0bf0 Thread exited: 0x000002354cac0bf0
Event: 1793.208 Thread 0x000002354b765a20 Thread added: 0x000002354b765a20
Event: 1793.208 Thread 0x000002354b762c30 Thread added: 0x000002354b762c30


Dynamic libraries:
0x00007ff7fe7e0000 - 0x00007ff7fe7ee000 	C:\Users\esaleem\.jdks\openjdk-22\bin\java.exe
0x00007ffd8f830000 - 0x00007ffd8fa28000 	C:\Windows\SYSTEM32\ntdll.dll
0x00007ffd8f3c0000 - 0x00007ffd8f481000 	C:\Windows\System32\KERNEL32.DLL
0x00007ffd8ceb0000 - 0x00007ffd8d1a6000 	C:\Windows\System32\KERNELBASE.dll
0x00007ffd8d2a0000 - 0x00007ffd8d3a0000 	C:\Windows\System32\ucrtbase.dll
0x00007ffd83e70000 - 0x00007ffd83e8b000 	C:\Users\esaleem\.jdks\openjdk-22\bin\VCRUNTIME140.dll
0x00007ffd87b10000 - 0x00007ffd87b27000 	C:\Users\esaleem\.jdks\openjdk-22\bin\jli.dll
0x00007ffd8f220000 - 0x00007ffd8f3bf000 	C:\Windows\System32\USER32.dll
0x00007ffd7cc50000 - 0x00007ffd7ceea000 	C:\Windows\WinSxS\amd64_microsoft.windows.common-controls_6595b64144ccf1df_6.0.19041.4355_none_60b8b9eb71f62e16\COMCTL32.dll
0x00007ffd8d1b0000 - 0x00007ffd8d1d2000 	C:\Windows\System32\win32u.dll
0x00007ffd8dab0000 - 0x00007ffd8db4e000 	C:\Windows\System32\msvcrt.dll
0x00007ffd8e4d0000 - 0x00007ffd8e4fb000 	C:\Windows\System32\GDI32.dll
0x00007ffd8d3a0000 - 0x00007ffd8d4b7000 	C:\Windows\System32\gdi32full.dll
0x00007ffd8d790000 - 0x00007ffd8d82d000 	C:\Windows\System32\msvcp_win.dll
0x00007ffd8e4a0000 - 0x00007ffd8e4cf000 	C:\Windows\System32\IMM32.DLL
0x00007ffd87b00000 - 0x00007ffd87b0c000 	C:\Users\esaleem\.jdks\openjdk-22\bin\vcruntime140_1.dll
0x00007ffd6c480000 - 0x00007ffd6c50e000 	C:\Users\esaleem\.jdks\openjdk-22\bin\msvcp140.dll
0x00007ffd1d730000 - 0x00007ffd1e478000 	C:\Users\esaleem\.jdks\openjdk-22\bin\server\jvm.dll
0x00007ffd8dfe0000 - 0x00007ffd8e090000 	C:\Windows\System32\ADVAPI32.dll
0x00007ffd8d830000 - 0x00007ffd8d8d0000 	C:\Windows\System32\sechost.dll
0x00007ffd8e500000 - 0x00007ffd8e623000 	C:\Windows\System32\RPCRT4.dll
0x00007ffd8d4c0000 - 0x00007ffd8d4e7000 	C:\Windows\System32\bcrypt.dll
0x00007ffd8f490000 - 0x00007ffd8f4fb000 	C:\Windows\System32\WS2_32.dll
0x00007ffd8c3f0000 - 0x00007ffd8c43b000 	C:\Windows\SYSTEM32\POWRPROF.dll
0x00007ffd87630000 - 0x00007ffd87657000 	C:\Windows\SYSTEM32\WINMM.dll
0x00007ffd85c00000 - 0x00007ffd85c0a000 	C:\Windows\SYSTEM32\VERSION.dll
0x00007ffd8c260000 - 0x00007ffd8c272000 	C:\Windows\SYSTEM32\UMPDC.dll
0x00007ffd8b5d0000 - 0x00007ffd8b5e2000 	C:\Windows\SYSTEM32\kernel.appcore.dll
0x00007ffd87ad0000 - 0x00007ffd87ada000 	C:\Users\esaleem\.jdks\openjdk-22\bin\jimage.dll
0x00007ffd8b1d0000 - 0x00007ffd8b3b4000 	C:\Windows\SYSTEM32\DBGHELP.DLL
0x00007ffd875f0000 - 0x00007ffd87624000 	C:\Windows\SYSTEM32\dbgcore.DLL
0x00007ffd8d700000 - 0x00007ffd8d782000 	C:\Windows\System32\bcryptPrimitives.dll
0x00007ffd84880000 - 0x00007ffd8488f000 	C:\Users\esaleem\.jdks\openjdk-22\bin\instrument.dll
0x00007ffd83e50000 - 0x00007ffd83e6e000 	C:\Users\esaleem\.jdks\openjdk-22\bin\java.dll
0x00007ffd8e990000 - 0x00007ffd8f0fc000 	C:\Windows\System32\SHELL32.dll
0x00007ffd8d8d0000 - 0x00007ffd8d9fb000 	C:\Windows\System32\ole32.dll
0x00007ffd8e630000 - 0x00007ffd8e983000 	C:\Windows\System32\combase.dll
0x00007ffd8a880000 - 0x00007ffd8b01e000 	C:\Windows\SYSTEM32\windows.storage.dll
0x00007ffd8c7f0000 - 0x00007ffd8c81e000 	C:\Windows\SYSTEM32\Wldp.dll
0x00007ffd8e2f0000 - 0x00007ffd8e3bd000 	C:\Windows\System32\OLEAUT32.dll
0x00007ffd8e120000 - 0x00007ffd8e1cd000 	C:\Windows\System32\SHCORE.dll
0x00007ffd8e230000 - 0x00007ffd8e285000 	C:\Windows\System32\shlwapi.dll
0x00007ffd8cde0000 - 0x00007ffd8ce04000 	C:\Windows\SYSTEM32\profapi.dll
0x00007ffd42200000 - 0x00007ffd422d7000 	C:\Users\esaleem\.jdks\openjdk-22\bin\jsvml.dll
0x00007ffd83950000 - 0x00007ffd83967000 	C:\Users\esaleem\.jdks\openjdk-22\bin\zip.dll
0x00007ffd87660000 - 0x00007ffd87670000 	C:\Users\esaleem\.jdks\openjdk-22\bin\net.dll
0x00007ffd8c5d0000 - 0x00007ffd8c63a000 	C:\Windows\system32\mswsock.dll
0x00007ffd83d60000 - 0x00007ffd83d76000 	C:\Users\esaleem\.jdks\openjdk-22\bin\nio.dll
0x00007ffd83870000 - 0x00007ffd8388a000 	C:\Program Files\JetBrains\IntelliJ IDEA Community Edition 2023.3.4\bin\breakgen64.dll
0x00007ffd83910000 - 0x00007ffd83919000 	C:\Users\esaleem\.jdks\openjdk-22\bin\extnet.dll
0x00007ffd83810000 - 0x00007ffd8381b000 	C:\Users\esaleem\.jdks\openjdk-22\bin\le.dll
0x00007ffd83860000 - 0x00007ffd8386e000 	C:\Users\esaleem\.jdks\openjdk-22\bin\sunmscapi.dll
0x00007ffd8d5a0000 - 0x00007ffd8d6fe000 	C:\Windows\System32\CRYPT32.dll
0x00007ffd8c940000 - 0x00007ffd8c969000 	C:\Windows\SYSTEM32\ncrypt.dll
0x00007ffd8c900000 - 0x00007ffd8c93b000 	C:\Windows\SYSTEM32\NTASN1.dll
0x00007ffd8c830000 - 0x00007ffd8c848000 	C:\Windows\SYSTEM32\CRYPTSP.dll
0x00007ffd8bea0000 - 0x00007ffd8bed4000 	C:\Windows\system32\rsaenh.dll
0x00007ffd8cd50000 - 0x00007ffd8cd7e000 	C:\Windows\SYSTEM32\USERENV.dll
0x00007ffd8c760000 - 0x00007ffd8c76c000 	C:\Windows\SYSTEM32\CRYPTBASE.dll
0x00007ffd8c280000 - 0x00007ffd8c2bb000 	C:\Windows\SYSTEM32\IPHLPAPI.DLL
0x00007ffd8f500000 - 0x00007ffd8f508000 	C:\Windows\System32\NSI.dll
0x00007ffd847b0000 - 0x00007ffd847ba000 	C:\Users\esaleem\.jdks\openjdk-22\bin\management.dll
0x00007ffd845f0000 - 0x00007ffd845fb000 	C:\Users\esaleem\.jdks\openjdk-22\bin\management_ext.dll
0x00007ffd8db50000 - 0x00007ffd8db58000 	C:\Windows\System32\PSAPI.DLL
0x00007ffd83630000 - 0x00007ffd83640000 	C:\Users\esaleem\.jdks\openjdk-22\bin\verify.dll
0x00007ffd8c2c0000 - 0x00007ffd8c38a000 	C:\Windows\SYSTEM32\DNSAPI.dll
0x00007ffd85840000 - 0x00007ffd8584a000 	C:\Windows\System32\rasadhlp.dll
0x00007ffd85cf0000 - 0x00007ffd85d70000 	C:\Windows\System32\fwpuclnt.dll
0x00007ffd58e50000 - 0x00007ffd58e57000 	C:\Windows\system32\wshunix.dll

dbghelp: loaded successfully - version: 4.0.5 - missing functions: none
symbol engine: initialized successfully - sym options: 0x614 - pdb path: .;C:\Users\esaleem\.jdks\openjdk-22\bin;C:\Windows\SYSTEM32;C:\Windows\WinSxS\amd64_microsoft.windows.common-controls_6595b64144ccf1df_6.0.19041.4355_none_60b8b9eb71f62e16;C:\Users\esaleem\.jdks\openjdk-22\bin\server;C:\Program Files\JetBrains\IntelliJ IDEA Community Edition 2023.3.4\bin

VM Arguments:
jvm_args: -javaagent:C:\Program Files\JetBrains\IntelliJ IDEA Community Edition 2023.3.4\lib\idea_rt.jar=61037:C:\Program Files\JetBrains\IntelliJ IDEA Community Edition 2023.3.4\bin -Dfile.encoding=UTF-8 -Dsun.stdout.encoding=UTF-8 -Dsun.stderr.encoding=UTF-8 
java_command: com.rayyansoft.Task.TaskApplication
java_class_path (initial): D:\Saleem -works\Coding\Nbcc -qms\Nbcc-qms-backend\Nbcc-qms-backend-v1\target\classes;C:\Users\esaleem\.m2\repository\org\springframework\boot\spring-boot-starter-data-jpa\3.2.0\spring-boot-starter-data-jpa-3.2.0.jar;C:\Users\esaleem\.m2\repository\org\springframework\boot\spring-boot-starter-aop\3.2.0\spring-boot-starter-aop-3.2.0.jar;C:\Users\esaleem\.m2\repository\org\aspectj\aspectjweaver\1.9.20.1\aspectjweaver-1.9.20.1.jar;C:\Users\esaleem\.m2\repository\org\springframework\boot\spring-boot-starter-jdbc\3.2.0\spring-boot-starter-jdbc-3.2.0.jar;C:\Users\esaleem\.m2\repository\com\zaxxer\HikariCP\5.0.1\HikariCP-5.0.1.jar;C:\Users\esaleem\.m2\repository\org\springframework\spring-jdbc\6.1.1\spring-jdbc-6.1.1.jar;C:\Users\esaleem\.m2\repository\org\hibernate\orm\hibernate-core\6.3.1.Final\hibernate-core-6.3.1.Final.jar;C:\Users\esaleem\.m2\repository\jakarta\persistence\jakarta.persistence-api\3.1.0\jakarta.persistence-api-3.1.0.jar;C:\Users\esaleem\.m2\repository\jakarta\transaction\jakarta.transaction-api\2.0.1\jakarta.transaction-api-2.0.1.jar;C:\Users\esaleem\.m2\repository\org\jboss\logging\jboss-logging\3.5.3.Final\jboss-logging-3.5.3.Final.jar;C:\Users\esaleem\.m2\repository\org\hibernate\common\hibernate-commons-annotations\6.0.6.Final\hibernate-commons-annotations-6.0.6.Final.jar;C:\Users\esaleem\.m2\repository\io\smallrye\jandex\3.1.2\jandex-3.1.2.jar;C:\Users\esaleem\.m2\repository\com\fasterxml\classmate\1.6.0\classmate-1.6.0.jar;C:\Users\esaleem\.m2\repository\net\bytebuddy\byte-buddy\1.14.10\byte-buddy-1.14.10.jar;C:\Users\esaleem\.m2\repository\org\glassfish\jaxb\jaxb-runtime\4.0.4\jaxb-runtime-4.0.4.jar;C:\Users\esaleem\.m2\repository\org\glassfish\jaxb\jaxb-core\4.0.4\jaxb-core-4.0.4.jar;C:\Users\esaleem\.m2\repository\org\glassfish\jaxb\txw2\4.0.4\txw2-4.0.4.jar;C:\Users\esaleem\.m2\repository\com\sun\istack\istack-commons-runtime\4.1.2\istack-commons-runtime-4.1.2.jar;C:\Users\esaleem\.m2\repository\jakarta\inject\jakarta.inject-api\2.0.1\jakarta.inject-api-2.0.1.jar;C:\Users\esaleem\.m2\repository\org\antlr\antlr4-runtime\4.10.1\antlr4-runtime-4.10.1.jar;C:\Users\esaleem\.m2\repository\org\springframework\data\spring-data-jpa\3.2.0\spring-data-jpa-3.2.0.jar;C:\Users\esaleem\.m2\repository\org\springframework\data\spring-data-commons\3.2.0\spring-data-commons-3.2.0.jar;C:\Users\esaleem\.m2\repository\org\springframework\spring-orm\6.1.1\spring-orm-6.1.1.jar;C:\Users\esaleem\.m2\repository\org\springframework\spring-context\6.1.1\spring-context-6.1.1.jar;C:\Users\esaleem\.m2\repository\org\springframework\spring-tx\6.1.1\spring-tx-6.1.1.jar;C:\Users\esaleem\.m2\repository\org\springframework\spring-beans\6.1.1\spring-beans-6.1.1.jar;C:\Users\esaleem\.m2\repository\jakarta\annotation\jakarta.annotation-api\2.1.1\jakarta.annotation-api-2.1.1.jar;C:\Users\esaleem\.m2\repository\org\slf4j\slf4j-api\2.0.9\slf4j-api-2.0.9.jar;C:\Users\esaleem\.m2\repository\org\springframework\spring-aspects\6.1.1\spring-aspects-6.1.1.jar;C:\Users\esaleem\.m2\repository\org\springframework\boot\spring-boot-starter-web\3.2.0\spring-boot-starter-web-3.2.0.jar;C:\Users\esaleem\.m2\repository\org\springframework\boot\spring-boot-starter\3.2.0\spring-boot-starter-3.2.0.jar;C:\Users\esaleem\.m2\repository\org\springframework\boot\spring-boot\3.2.0\spring-boot-3.2.0.jar;C:\Users\esaleem\.m2\repository\org\springframework\boot\spring-boot-autoconfigure\3.2.0\spring-boot-autoconfigure-3.2.0.jar;C:\Users\esaleem\.m2\repository\org\springframework\boot\spring-boot-starter-logging\3.2.0\spring-boot-starter-logging-3.2.0.jar;C:\Users\esaleem\.m2\repository\ch\qos\logback\logback-classic\1.4.11\logback-classic-1.4.11.jar;C:\Users\esaleem\.m2\repository\ch\qos\logback\logback-core\1.4.11\logback-core-1.4.11.jar;C:\Users\esaleem\.m2\repository\org\apache\logging\log4j\log4j-to-slf4j\2.21.1\log4j-to-slf4j-2.21.1.jar;C:\Users\esaleem\.m2\repository\org\apache\logging\log4j\log4j-api\2.21.1\log4j-api-2.21.1.jar;C:\Users\esaleem\.m2\repository\org\slf4j\jul-to-slf4j\2.0.9\jul-to-slf4j-2.0.9.jar;C:\Users\esaleem\.m2\repository\org\yaml\snakeyaml\2.2\snakeyaml-2.2.jar;C:\Users\esaleem\.m2\repository\org\springframework\boot\spring-boot-starter-json\3.2.0\spring-boot-starter-json-3.2.0.jar;C:\Users\esaleem\.m2\repository\com\fasterxml\jackson\datatype\jackson-datatype-jdk8\2.15.3\jackson-datatype-jdk8-2.15.3.jar;C:\Users\esaleem\.m2\repository\com\fasterxml\jackson\datatype\jackson-datatype-jsr310\2.15.3\jackson-datatype-jsr310-2.15.3.jar;C:\Users\esaleem\.m2\repository\com\fasterxml\jackson\module\jackson-module-parameter-names\2.15.3\jackson-module-parameter-names-2.15.3.jar;C:\Users\esaleem\.m2\repository\org\springframework\boot\spring-boot-starter-tomcat\3.2.0\spring-boot-starter-tomcat-3.2.0.jar;C:\Users\esaleem\.m2\repository\org\apache\tomcat\embed\tomcat-embed-core\10.1.16\tomcat-embed-core-10.1.16.jar;C:\Users\esaleem\.m2\repository\org\apache\tomcat\embed\tomcat-embed-el\10.1.16\tomcat-embed-el-10.1.16.jar;C:\Users\esaleem\.m2\repository\org\apache\tomcat\embed\tomcat-embed-websocket\10.1.16\tomcat-embed-websocket-10.1.16.jar;C:\Users\esaleem\.m2\repository\org\springframework\spring-web\6.1.1\spring-web-6.1.1.jar;C:\Users\esaleem\.m2\repository\io\micrometer\micrometer-observation\1.12.0\micrometer-observation-1.12.0.jar;C:\Users\esaleem\.m2\repository\io\micrometer\micrometer-commons\1.12.0\micrometer-commons-1.12.0.jar;C:\Users\esaleem\.m2\repository\org\springframework\spring-webmvc\6.1.1\spring-webmvc-6.1.1.jar;C:\Users\esaleem\.m2\repository\org\springframework\spring-expression\6.1.1\spring-expression-6.1.1.jar;C:\Users\esaleem\.m2\repository\com\mysql\mysql-connector-j\8.1.0\mysql-connector-j-8.1.0.jar;C:\Users\esaleem\.m2\repository\org\projectlombok\lombok\1.18.30\lombok-1.18.30.jar;C:\Users\esaleem\.m2\repository\jakarta\xml\bind\jakarta.xml.bind-api\4.0.1\jakarta.xml.bind-api-4.0.1.jar;C:\Users\esaleem\.m2\repository\jakarta\activation\jakarta.activation-api\2.1.2\jakarta.activation-api-2.1.2.jar;C:\Users\esaleem\.m2\repository\org\springframework\spring-core\6.1.1\spring-core-6.1.1.jar;C:\Users\esaleem\.m2\repository\org\springframework\spring-jcl\6.1.1\spring-jcl-6.1.1.jar;C:\Users\esaleem\.m2\repository\org\modelmapper\modelmapper\3.2.0\modelmapper-3.2.0.jar;C:\Users\esaleem\.m2\repository\org\springframework\boot\spring-boot-starter-security\3.2.0\spring-boot-starter-security-3.2.0.jar;C:\Users\esaleem\.m2\repository\org\springframework\spring-aop\6.1.1\spring-aop-6.1.1.jar;C:\Users\esaleem\.m2\repository\org\springframework\security\spring-security-config\6.2.0\spring-security-config-6.2.0.jar;C:\Users\esaleem\.m2\repository\org\springframework\security\spring-security-core\6.2.0\spring-security-core-6.2.0.jar;C:\Users\esaleem\.m2\repository\org\springframework\security\spring-security-crypto\6.2.0\spring-security-crypto-6.2.0.jar;C:\Users\esaleem\.m2\repository\org\springframework\security\spring-security-web\6.2.0\spring-security-web-6.2.0.jar;C:\Users\esaleem\.m2\repository\io\jsonwebtoken\jjwt-impl\0.11.5\jjwt-impl-0.11.5.jar;C:\Users\esaleem\.m2\repository\io\jsonwebtoken\jjwt-api\0.11.5\jjwt-api-0.11.5.jar;C:\Users\esaleem\.m2\repository\io\jsonwebtoken\jjwt-jackson\0.11.5\jjwt-jackson-0.11.5.jar;C:\Users\esaleem\.m2\repository\com\fasterxml\jackson\core\jackson-databind\2.15.3\jackson-databind-2.15.3.jar;C:\Users\esaleem\.m2\repository\com\fasterxml\jackson\core\jackson-annotations\2.15.3\jackson-annotations-2.15.3.jar;C:\Users\esaleem\.m2\repository\com\fasterxml\jackson\core\jackson-core\2.15.3\jackson-core-2.15.3.jar;C:\Users\esaleem\.m2\repository\org\springframework\boot\spring-boot-starter-mail\3.2.0\spring-boot-starter-mail-3.2.0.jar;C:\Users\esaleem\.m2\repository\org\springframework\spring-context-support\6.1.1\spring-context-support-6.1.1.jar;C:\Users\esaleem\.m2\repository\org\eclipse\angus\jakarta.mail\2.0.2\jakarta.mail-2.0.2.jar;C:\Users\esaleem\.m2\repository\org\eclipse\angus\angus-activation\2.0.1\angus-activation-2.0.1.jar;C:\Users\esaleem\.m2\repository\com\sun\mail\jakarta.mail\2.0.1\jakarta.mail-2.0.1.jar;C:\Users\esaleem\.m2\repository\com\sun\activation\jakarta.activation\2.0.1\jakarta.activation-2.0.1.jar;C:\Users\esaleem\.m2\repository\commons-io\commons-io\2.13.0\commons-io-2.13.0.jar
Launcher Type: SUN_STANDARD

[Global flags]
     intx CICompilerCount                          = 4                                         {product} {ergonomic}
     uint ConcGCThreads                            = 2                                         {product} {ergonomic}
     uint G1ConcRefinementThreads                  = 8                                         {product} {ergonomic}
   size_t G1HeapRegionSize                         = 2097152                                   {product} {ergonomic}
   size_t InitialHeapSize                          = 264241152                                 {product} {ergonomic}
   size_t MarkStackSize                            = 4194304                                   {product} {ergonomic}
   size_t MaxHeapSize                              = 4217372672                                {product} {ergonomic}
   size_t MaxNewSize                               = 2529165312                                {product} {ergonomic}
   size_t MinHeapDeltaBytes                        = 2097152                                   {product} {ergonomic}
   size_t MinHeapSize                              = 8388608                                   {product} {ergonomic}
    uintx NonNMethodCodeHeapSize                   = 5839372                                {pd product} {ergonomic}
    uintx NonProfiledCodeHeapSize                  = 122909434                              {pd product} {ergonomic}
    uintx ProfiledCodeHeapSize                     = 122909434                              {pd product} {ergonomic}
    uintx ReservedCodeCacheSize                    = 251658240                              {pd product} {ergonomic}
     bool SegmentedCodeCache                       = true                                      {product} {ergonomic}
   size_t SoftMaxHeapSize                          = 4217372672                             {manageable} {ergonomic}
     bool UseCompressedOops                        = true                           {product lp64_product} {ergonomic}
     bool UseG1GC                                  = true                                      {product} {ergonomic}
     bool UseLargePagesIndividualAllocation        = false                                  {pd product} {ergonomic}

Logging:
Log output configuration:
 #0: stdout all=warning uptime,level,tags foldmultilines=false
 #1: stderr all=off uptime,level,tags foldmultilines=false

Environment Variables:
PATH=C:\Program Files\Common Files\Oracle\Java\javapath;C:\Program Files (x86)\Common Files\Oracle\Java\javapath;C:\Program Files\Microsoft MPI\Bin\;C:\Windows\system32;C:\Windows;C:\Windows\System32\Wbem;C:\Windows\System32\WindowsPowerShell\v1.0\;C:\Windows\System32\OpenSSH\;C:\Program Files (x86)\Microsoft SQL Server\160\Tools\Binn\;C:\Program Files\Microsoft SQL Server\160\Tools\Binn\;C:\Program Files\Microsoft SQL Server\Client SDK\ODBC\170\Tools\Binn\;C:\Program Files\Microsoft SQL Server\160\DTS\Binn\;C:\Program Files (x86)\Microsoft SQL Server\160\DTS\Binn\;C:\Program Files\nodejs\;C:\Program Files\Azure Data Studio\bin;C:\Program Files\Wondershare\Wondershare DemoCreator;C:\Program Files\Docker\Docker\resources\bin;C:\Users\esaleem\AppData\Local\Programs\Python\Launcher\;C:\Users\esaleem\AppData\Local\Microsoft\WindowsApps;C:\Users\esaleem\AppData\Local\Programs\Microsoft VS Code\bin;C:\Users\esaleem\AppData\Roaming\npm;C:\Users\esaleem\AppData\Local\Programs\Git\cmd
USERNAME=esaleem
OS=Windows_NT
PROCESSOR_IDENTIFIER=Intel64 Family 6 Model 140 Stepping 1, GenuineIntel
TMP=C:\Users\esaleem\AppData\Local\Temp
TEMP=C:\Users\esaleem\AppData\Local\Temp




Periodic native trim disabled

---------------  S Y S T E M  ---------------

OS:
 Windows 10 , 64 bit Build 19041 (10.0.19041.4597)
OS uptime: 20 days 14:52 hours
Hyper-V role detected

CPU: total 8 (initial active 8) (4 cores per cpu, 2 threads per core) family 6 model 140 stepping 1 microcode 0x86, cx8, cmov, fxsr, ht, mmx, 3dnowpref, sse, sse2, sse3, ssse3, sse4.1, sse4.2, popcnt, lzcnt, tsc, tscinvbit, avx, avx2, aes, erms, clmul, bmi1, bmi2, adx, avx512f, avx512dq, avx512cd, avx512bw, avx512vl, sha, fma, vzeroupper, avx512_vpopcntdq, avx512_vpclmulqdq, avx512_vaes, avx512_vnni, clflush, clflushopt, clwb, avx512_vbmi2, avx512_vbmi, hv, rdtscp, rdpid, fsrm, gfni, avx512_bitalg, f16c, cet_ibt, cet_ss, avx512_ifma
Processor Information for all 8 processors :
  Max Mhz: 2803, Current Mhz: 2803, Mhz Limit: 2803

Memory: 4k page, system-wide physical 16086M (2114M free)
TotalPageFile size 65238M (AvailPageFile size 4M)
current process WorkingSet (physical memory assigned to process): 308M, peak: 337M
current process commit charge ("private bytes"): 357M, peak: 420M

vm_info: OpenJDK 64-Bit Server VM (22+36-2370) for windows-amd64 JRE (22+36-2370), built on 2024-02-15T22:15:19Z by "mach5one" with MS VC++ 17.6 (VS2022)

END.
